<?xml version="1.0" encoding="UTF-8"?>
<!-- Generated by org.testng.reporters.JUnitReportReporter -->
<testsuite skipped="0" hostname="TW-577" name="restAssuredBDDTests.Demo5_BasicValidations_JSON" tests="5" failures="0" timestamp="29 Jul 2019 11:04:20 GMT" time="4.156" errors="0">
  <testcase name="testStatusCode" time="1.519" classname="restAssuredBDDTests.Demo5_BasicValidations_JSON"/>
  <testcase name="testLogging" time="0.494" classname="restAssuredBDDTests.Demo5_BasicValidations_JSON"/>
  <testcase name="testSingleContent" time="0.782" classname="restAssuredBDDTests.Demo5_BasicValidations_JSON"/>
  <testcase name="testMultipleContent" time="0.474" classname="restAssuredBDDTests.Demo5_BasicValidations_JSON"/>
  <testcase name="testParametersAndHeaders" time="0.887" classname="restAssuredBDDTests.Demo5_BasicValidations_JSON"/>
</testsuite> <!-- restAssuredBDDTests.Demo5_BasicValidations_JSON -->
