<?xml version="1.0" encoding="UTF-8"?>
<!-- Generated by org.testng.reporters.JUnitReportReporter -->
<testsuite skipped="0" hostname="TW-577" name="restAssuredBDDTests.Demo2_POST_Request" tests="1" failures="0" timestamp="30 Jul 2019 06:49:57 GMT" time="2.790" errors="0">
  <testcase name="testPostRequest" time="2.790" classname="restAssuredBDDTests.Demo2_POST_Request"/>
</testsuite> <!-- restAssuredBDDTests.Demo2_POST_Request -->
