<?xml version="1.0" encoding="UTF-8"?>
<!-- Generated by org.testng.reporters.JUnitReportReporter -->
<testsuite skipped="0" hostname="TW-577" name="testBasicsRestAssuredBDD.Test2_DeleteResponseValidation" tests="1" failures="0" timestamp="26 Jul 2019 09:50:08 GMT" time="1.863" errors="0">
  <testcase name="postMethodWithJsonString" time="1.863" classname="testBasicsRestAssuredBDD.Test2_DeleteResponseValidation"/>
</testsuite> <!-- testBasicsRestAssuredBDD.Test2_DeleteResponseValidation -->
