<?xml version="1.0" encoding="UTF-8"?>
<!-- Generated by org.testng.reporters.JUnitReportReporter -->
<testsuite skipped="0" hostname="TW-577" name="testBasics.Test1_BasicFeatures" tests="1" failures="0" timestamp="19 Jul 2019 11:20:57 GMT" time="1.166" errors="0">
  <testcase name="testLogging" time="1.166" classname="testBasics.Test1_BasicFeatures"/>
</testsuite> <!-- testBasics.Test1_BasicFeatures -->
