<?xml version="1.0" encoding="UTF-8"?>
<!-- Generated by org.testng.reporters.JUnitReportReporter -->
<testsuite skipped="0" hostname="TW-577" name="restAssuredBDDTests.Demo4_DELETE_Request" tests="1" failures="0" timestamp="30 Jul 2019 11:01:27 GMT" time="4.813" errors="0">
  <testcase name="testDeleteRequest" time="4.813" classname="restAssuredBDDTests.Demo4_DELETE_Request"/>
</testsuite> <!-- restAssuredBDDTests.Demo4_DELETE_Request -->
