<?xml version="1.0" encoding="UTF-8"?>
<!-- Generated by org.testng.reporters.JUnitReportReporter -->
<testsuite skipped="0" hostname="TW-577" name="com.qa.tests.PostAPITest" tests="1" failures="0" timestamp="24 Jul 2019 13:41:49 GMT" time="1.675" errors="0">
  <testcase name="getAPITestWithHeaders" time="1.675" classname="com.qa.tests.PostAPITest"/>
</testsuite> <!-- com.qa.tests.PostAPITest -->
