<?xml version="1.0" encoding="UTF-8"?>
<!-- Generated by org.testng.reporters.JUnitReportReporter -->
<testsuite skipped="0" hostname="TW-577" name="com.employeeAPI.testCases.TC004_Put_Employee_Data" tests="5" failures="0" timestamp="31 Jul 2019 10:52:56 GMT" time="0.007" errors="0">
  <testcase name="checkContentType" time="0.001" classname="com.employeeAPI.testCases.TC004_Put_Employee_Data"/>
  <testcase name="checkStatusCode" time="0.001" classname="com.employeeAPI.testCases.TC004_Put_Employee_Data"/>
  <testcase name="checkServerType" time="0.002" classname="com.employeeAPI.testCases.TC004_Put_Employee_Data"/>
  <testcase name="checkStatusLine" time="0.002" classname="com.employeeAPI.testCases.TC004_Put_Employee_Data"/>
  <testcase name="checkResponseBody" time="0.001" classname="com.employeeAPI.testCases.TC004_Put_Employee_Data"/>
</testsuite> <!-- com.employeeAPI.testCases.TC004_Put_Employee_Data -->
