<?xml version="1.0" encoding="UTF-8"?>
<!-- Generated by org.testng.reporters.JUnitReportReporter -->
<testsuite skipped="0" hostname="TW-577" name="com.qa.restAssuredTestCases.TC007_GET_Request_Autherization" tests="1" failures="0" timestamp="30 Jul 2019 10:03:35 GMT" time="1.565" errors="0">
  <testcase name="autherizationTest" time="1.565" classname="com.qa.restAssuredTestCases.TC007_GET_Request_Autherization"/>
</testsuite> <!-- com.qa.restAssuredTestCases.TC007_GET_Request_Autherization -->
