<?xml version="1.0" encoding="UTF-8"?>
<!-- Generated by org.testng.reporters.JUnitReportReporter -->
<testsuite skipped="0" hostname="TW-577" name="com.qa.restAssuredTestCases.TC008_POST_Request_DataDrivenTest" tests="6" failures="0" timestamp="30 Jul 2019 13:23:13 GMT" time="4.948" errors="0">
  <testcase name="postNewEmployees" time="0.674" classname="com.qa.restAssuredTestCases.TC008_POST_Request_DataDrivenTest"/>
  <testcase name="postNewEmployees" time="0.648" classname="com.qa.restAssuredTestCases.TC008_POST_Request_DataDrivenTest"/>
  <testcase name="postNewEmployees" time="0.656" classname="com.qa.restAssuredTestCases.TC008_POST_Request_DataDrivenTest"/>
  <testcase name="postNewEmployees" time="0.669" classname="com.qa.restAssuredTestCases.TC008_POST_Request_DataDrivenTest"/>
  <testcase name="postNewEmployees" time="0.664" classname="com.qa.restAssuredTestCases.TC008_POST_Request_DataDrivenTest"/>
  <testcase name="postNewEmployees" time="1.637" classname="com.qa.restAssuredTestCases.TC008_POST_Request_DataDrivenTest"/>
</testsuite> <!-- com.qa.restAssuredTestCases.TC008_POST_Request_DataDrivenTest -->
