<?xml version="1.0" encoding="UTF-8"?>
<!-- Generated by org.testng.reporters.JUnitReportReporter -->
<testsuite skipped="0" hostname="TW-577" name="restAssuredBDDTests.Demo1_GET_Request" tests="1" failures="0" timestamp="29 Jul 2019 14:32:34 GMT" time="1.902" errors="0">
  <testcase name="testGetWeatherDetails" time="1.902" classname="restAssuredBDDTests.Demo1_GET_Request"/>
</testsuite> <!-- restAssuredBDDTests.Demo1_GET_Request -->
