<?xml version="1.0" encoding="UTF-8"?>
<!-- Generated by org.testng.reporters.JUnitReportReporter -->
<testsuite skipped="0" hostname="TW-577" name="restAssuredBDDTests.Demo3_PUT_Request" tests="1" failures="0" timestamp="29 Jul 2019 10:04:16 GMT" time="1.817" errors="0">
  <testcase name="testPostRequest" time="1.817" classname="restAssuredBDDTests.Demo3_PUT_Request"/>
</testsuite> <!-- restAssuredBDDTests.Demo3_PUT_Request -->
