<?xml version="1.0" encoding="UTF-8"?>
<!-- Generated by org.testng.reporters.JUnitReportReporter -->
<testsuite skipped="0" hostname="TW-577" name="com.qa.restAssuredTestCases.TC006_GET_Request_ExtractValueOfEachNodeInJSON" tests="1" failures="0" timestamp="30 Jul 2019 09:41:03 GMT" time="1.899" errors="0">
  <testcase name="getweatherDetails" time="1.899" classname="com.qa.restAssuredTestCases.TC006_GET_Request_ExtractValueOfEachNodeInJSON"/>
</testsuite> <!-- com.qa.restAssuredTestCases.TC006_GET_Request_ExtractValueOfEachNodeInJSON -->
