<?xml version="1.0" encoding="UTF-8"?>
<!-- Generated by org.testng.reporters.JUnitReportReporter -->
<testsuite skipped="0" hostname="TW-577" name="com.qa.restAssuredTestCases.TC004_GET_Request_PrintAllHeaders" tests="1" failures="0" timestamp="30 Jul 2019 09:26:03 GMT" time="1.831" errors="0">
  <testcase name="googleMapTest" time="1.831" classname="com.qa.restAssuredTestCases.TC004_GET_Request_PrintAllHeaders"/>
</testsuite> <!-- com.qa.restAssuredTestCases.TC004_GET_Request_PrintAllHeaders -->
