<?xml version="1.0" encoding="UTF-8"?>
<!-- Generated by org.testng.reporters.JUnitReportReporter -->
<testsuite skipped="0" hostname="TW-577" name="com.qa.restAssuredTestCases.TC001_GET_Request" tests="1" failures="0" timestamp="30 Jul 2019 07:27:29 GMT" time="1.487" errors="0">
  <testcase name="getweatherDetails" time="1.487" classname="com.qa.restAssuredTestCases.TC001_GET_Request"/>
</testsuite> <!-- com.qa.restAssuredTestCases.TC001_GET_Request -->
