<?xml version="1.0" encoding="UTF-8"?>
<!-- Generated by org.testng.reporters.JUnitReportReporter -->
<testsuite skipped="0" hostname="TW-577" name="testBasicsRestAssuredBDD.Test2_Basics" tests="1" failures="0" timestamp="25 Jul 2019 14:33:15 GMT" time="2.548" errors="0">
  <testcase name="postMethodWithJavaObject" time="2.548" classname="testBasicsRestAssuredBDD.Test2_Basics"/>
</testsuite> <!-- testBasicsRestAssuredBDD.Test2_Basics -->
