<?xml version="1.0" encoding="UTF-8"?>
<!-- Generated by org.testng.reporters.JUnitReportReporter -->
<testsuite skipped="0" hostname="TW-577" name="com.qa.restAssuredTestCases.TC001_GET_Request_Validate_WeatherAPI" tests="1" failures="0" timestamp="01 Aug 2019 11:37:52 GMT" time="6.979" errors="0">
  <testcase name="getweatherDetails" time="6.979" classname="com.qa.restAssuredTestCases.TC001_GET_Request_Validate_WeatherAPI"/>
</testsuite> <!-- com.qa.restAssuredTestCases.TC001_GET_Request_Validate_WeatherAPI -->
