<?xml version="1.0" encoding="UTF-8"?>
<!-- Generated by org.testng.reporters.JUnitReportReporter -->
<testsuite skipped="0" hostname="TW-577" name="com.qa.tests.GetAPITest" tests="2" failures="0" timestamp="24 Jul 2019 10:09:10 GMT" time="1.702" errors="0">
  <testcase name="getAPITestWithoutHeaders" time="1.056" classname="com.qa.tests.GetAPITest"/>
  <testcase name="getAPITestWithHeaders" time="0.646" classname="com.qa.tests.GetAPITest"/>
</testsuite> <!-- com.qa.tests.GetAPITest -->
