<?xml version="1.0" encoding="UTF-8"?>
<!-- Generated by org.testng.reporters.JUnitReportReporter -->
<testsuite skipped="0" hostname="TW-577" name="restAssuredBDDTests.Demo6_BasicValidations_XML" tests="5" failures="0" timestamp="29 Jul 2019 11:30:10 GMT" time="3.403" errors="0">
  <testcase name="testSingleContent" time="1.641" classname="restAssuredBDDTests.Demo6_BasicValidations_XML"/>
  <testcase name="testMultipleContent" time="0.447" classname="restAssuredBDDTests.Demo6_BasicValidations_XML"/>
  <testcase name="testMultipleContentInOneGo" time="0.434" classname="restAssuredBDDTests.Demo6_BasicValidations_XML"/>
  <testcase name="testUsingXPath1" time="0.456" classname="restAssuredBDDTests.Demo6_BasicValidations_XML"/>
  <testcase name="testUsingXPath2" time="0.425" classname="restAssuredBDDTests.Demo6_BasicValidations_XML"/>
</testsuite> <!-- restAssuredBDDTests.Demo6_BasicValidations_XML -->
