<?xml version="1.0" encoding="UTF-8"?>
<!-- Generated by org.testng.reporters.JUnitReportReporter -->
<testsuite skipped="0" hostname="TW-577" name="com.qa.restAssuredTestCases.TC002_POST_Request" tests="1" failures="0" timestamp="30 Jul 2019 07:39:27 GMT" time="1.808" errors="0">
  <testcase name="RegistrationSuccessful" time="1.808" classname="com.qa.restAssuredTestCases.TC002_POST_Request"/>
</testsuite> <!-- com.qa.restAssuredTestCases.TC002_POST_Request -->
