<?xml version="1.0" encoding="UTF-8"?>
<!-- Generated by org.testng.reporters.JUnitReportReporter -->
<testsuite skipped="0" hostname="TW-577" name="com.employeeAPI.testCases.TC005_Delete_Employee_Details" tests="4" failures="0" timestamp="31 Jul 2019 10:52:56 GMT" time="0.005" errors="0">
  <testcase name="checkStatusLine" time="0.003" classname="com.employeeAPI.testCases.TC005_Delete_Employee_Details"/>
  <testcase name="checkStatusCode" time="0.001" classname="com.employeeAPI.testCases.TC005_Delete_Employee_Details"/>
  <testcase name="checkResponseBody" time="0.000" classname="com.employeeAPI.testCases.TC005_Delete_Employee_Details"/>
  <testcase name="checkResponseTime" time="0.001" classname="com.employeeAPI.testCases.TC005_Delete_Employee_Details"/>
</testsuite> <!-- com.employeeAPI.testCases.TC005_Delete_Employee_Details -->
