<?xml version="1.0" encoding="UTF-8"?>
<!-- Generated by org.testng.reporters.JUnitReportReporter -->
<testsuite skipped="0" hostname="TW-577" name="com.qa.restAssuredTestCases.TC005_GET_Request_Validate_WeatherAPI_JSON_Body" tests="1" failures="0" timestamp="30 Jul 2019 09:32:54 GMT" time="1.580" errors="0">
  <testcase name="getweatherDetails" time="1.580" classname="com.qa.restAssuredTestCases.TC005_GET_Request_Validate_WeatherAPI_JSON_Body"/>
</testsuite> <!-- com.qa.restAssuredTestCases.TC005_GET_Request_Validate_WeatherAPI_JSON_Body -->
