<?xml version="1.0" encoding="UTF-8"?>
<!-- Generated by org.testng.reporters.JUnitReportReporter -->
<testsuite skipped="0" hostname="TW-577" name="com.employeeAPI.testCases.TC001_Get_All_Employees" tests="9" failures="0" timestamp="31 Jul 2019 10:52:56 GMT" time="0.021" errors="0">
  <testcase name="checkContentLength" time="0.001" classname="com.employeeAPI.testCases.TC001_Get_All_Employees"/>
  <testcase name="checkStatusCode" time="0.001" classname="com.employeeAPI.testCases.TC001_Get_All_Employees"/>
  <testcase name="checkResponseTime" time="0.002" classname="com.employeeAPI.testCases.TC001_Get_All_Employees"/>
  <testcase name="checkStatusLine" time="0.001" classname="com.employeeAPI.testCases.TC001_Get_All_Employees"/>
  <testcase name="checkResponseBody" time="0.002" classname="com.employeeAPI.testCases.TC001_Get_All_Employees"/>
  <testcase name="checkContentType" time="0.004" classname="com.employeeAPI.testCases.TC001_Get_All_Employees"/>
  <testcase name="checkContentEncoding" time="0.006" classname="com.employeeAPI.testCases.TC001_Get_All_Employees"/>
  <testcase name="checkServerType" time="0.002" classname="com.employeeAPI.testCases.TC001_Get_All_Employees"/>
  <testcase name="checkCookies" time="0.002" classname="com.employeeAPI.testCases.TC001_Get_All_Employees"/>
</testsuite> <!-- com.employeeAPI.testCases.TC001_Get_All_Employees -->
