<?xml version="1.0" encoding="UTF-8"?>
<!-- Generated by org.testng.reporters.JUnitReportReporter -->
<testsuite skipped="0" hostname="TW-577" name="testBasicsRestAssuredBDD.Test2_PostResponseValidation" tests="1" failures="0" timestamp="26 Jul 2019 09:36:42 GMT" time="2.118" errors="0">
  <testcase name="postMethodWithJsonString" time="2.118" classname="testBasicsRestAssuredBDD.Test2_PostResponseValidation"/>
</testsuite> <!-- testBasicsRestAssuredBDD.Test2_PostResponseValidation -->
