<?xml version="1.0" encoding="UTF-8"?>
<!-- Generated by org.testng.reporters.JUnitReportReporter -->
<testsuite skipped="0" hostname="TW-577" name="testBasicsRestAssuredBDD.Test2_PutResponseValidation" tests="1" failures="0" timestamp="26 Jul 2019 09:56:42 GMT" time="2.329" errors="0">
  <testcase name="putMethodWithJsonString" time="2.329" classname="testBasicsRestAssuredBDD.Test2_PutResponseValidation"/>
</testsuite> <!-- testBasicsRestAssuredBDD.Test2_PutResponseValidation -->
